<?xml version="1.0" encoding="UTF-8"?>
<!-- Generated by org.testng.reporters.JUnitReportReporter -->
<testsuite hostname="LTIN515409" failures="0" tests="5" name="testCases.TestSenario_2" time="8.776" errors="0" timestamp="2025-07-16T12:43:43 IST" skipped="0">
  <testcase classname="testCases.TestSenario_2" name="search_car_washing_service_page_displayed" time="2.247"/>
  <testcase classname="testCases.TestSenario_2" name="verify_results_by_location" time="0.240"/>
  <testcase classname="testCases.TestSenario_2" name="verify_search_result_details" time="0.025"/>
  <testcase classname="testCases.TestSenario_2" name="verify_rating_filter_applied" time="6.173"/>
  <testcase classname="testCases.TestSenario_2" name="verify_best_deal_filter" time="0.091"/>
</testsuite> <!-- testCases.TestSenario_2 -->
