<?xml version="1.0" encoding="UTF-8"?>
<!-- Generated by org.testng.reporters.JUnitReportReporter -->
<testsuite hostname="LTIN515409" failures="0" tests="4" name="testCases.TestSenario_3" time="8.373" errors="0" timestamp="2025-07-18T14:33:35 IST" skipped="0">
  <testcase classname="testCases.TestSenario_3" name="freeListing_Button" time="1.202"/>
  <testcase classname="testCases.TestSenario_3" name="freeListing_Button_Click" time="2.698"/>
  <testcase classname="testCases.TestSenario_3" name="freeListing_Mobile_TextField_invalid" time="0.510"/>
  <testcase classname="testCases.TestSenario_3" name="freeListing_Mobile_TextField_valid" time="3.963"/>
</testsuite> <!-- testCases.TestSenario_3 -->
