<?xml version="1.0" encoding="UTF-8"?>
<!-- Generated by org.testng.reporters.JUnitReportReporter -->
<testsuite hostname="LTIN515409" failures="0" tests="4" name="testCases.TestSenario_3" time="10.251" errors="0" timestamp="2025-07-19T12:47:37 IST" skipped="0">
  <testcase classname="testCases.TestSenario_3" name="freeListing_Button" time="1.689"/>
  <testcase classname="testCases.TestSenario_3" name="freeListing_Button_Click" time="4.373"/>
  <testcase classname="testCases.TestSenario_3" name="freeListing_Mobile_TextField_invalid" time="0.551"/>
  <testcase classname="testCases.TestSenario_3" name="freeListing_Mobile_TextField_valid" time="3.638"/>
</testsuite> <!-- testCases.TestSenario_3 -->
