<?xml version="1.0" encoding="UTF-8"?>
<!-- Generated by org.testng.reporters.JUnitReportReporter -->
<testsuite hostname="LTIN515409" failures="0" tests="5" name="testCases.TestSenario_2" time="12.499" errors="0" timestamp="2025-07-15T14:53:38 IST" skipped="0">
  <testcase classname="testCases.TestSenario_2" name="search_car_washing_service_page_displayed" time="3.078"/>
  <testcase classname="testCases.TestSenario_2" name="verify_results_by_location" time="0.576"/>
  <testcase classname="testCases.TestSenario_2" name="verify_search_result_details" time="0.044"/>
  <testcase classname="testCases.TestSenario_2" name="verify_rating_filter_applied" time="8.590"/>
  <testcase classname="testCases.TestSenario_2" name="verify_best_deal_filter" time="0.211"/>
</testsuite> <!-- testCases.TestSenario_2 -->
