<?xml version="1.0" encoding="UTF-8"?>
<!-- Generated by org.testng.reporters.JUnitReportReporter -->
<testsuite hostname="DESKTOP-L7FK65H" failures="0" tests="4" name="testCases.TestSenario_3" time="12.251" errors="0" timestamp="2025-07-16T14:46:26 IST" skipped="0">
  <testcase classname="testCases.TestSenario_3" name="freeListing_Button" time="1.344"/>
  <testcase classname="testCases.TestSenario_3" name="freeListing_Button_Click" time="4.633"/>
  <testcase classname="testCases.TestSenario_3" name="freeListing_Mobile_TextField_invalid" time="1.542"/>
  <testcase classname="testCases.TestSenario_3" name="freeListing_Mobile_TextField_valid" time="4.732"/>
</testsuite> <!-- testCases.TestSenario_3 -->
