<?xml version="1.0" encoding="UTF-8"?>
<!-- Generated by org.testng.reporters.JUnitReportReporter -->
<testsuite hostname="LTIN515409" failures="0" tests="4" name="testCases.TestSenario_3" time="8.671" errors="0" timestamp="2025-07-16T12:43:43 IST" skipped="0">
  <testcase classname="testCases.TestSenario_3" name="freeListing_Button" time="2.638"/>
  <testcase classname="testCases.TestSenario_3" name="freeListing_Button_Click" time="1.872"/>
  <testcase classname="testCases.TestSenario_3" name="freeListing_Mobile_TextField_invalid" time="0.565"/>
  <testcase classname="testCases.TestSenario_3" name="freeListing_Mobile_TextField_valid" time="3.596"/>
</testsuite> <!-- testCases.TestSenario_3 -->
