<?xml version="1.0" encoding="UTF-8"?>
<!-- Generated by org.testng.reporters.JUnitReportReporter -->
<testsuite hostname="DESKTOP-L7FK65H" failures="0" tests="5" name="testCases.TestSenario_2" time="13.944" errors="0" timestamp="2025-07-16T14:46:26 IST" skipped="0">
  <testcase classname="testCases.TestSenario_2" name="search_car_washing_service_page_displayed" time="3.829"/>
  <testcase classname="testCases.TestSenario_2" name="verify_results_by_location" time="0.469"/>
  <testcase classname="testCases.TestSenario_2" name="verify_search_result_details" time="0.062"/>
  <testcase classname="testCases.TestSenario_2" name="verify_rating_filter_applied" time="9.432"/>
  <testcase classname="testCases.TestSenario_2" name="verify_best_deal_filter" time="0.152"/>
</testsuite> <!-- testCases.TestSenario_2 -->
