<?xml version="1.0" encoding="UTF-8"?>
<!-- Generated by org.testng.reporters.JUnitReportReporter -->
<testsuite hostname="DESKTOP-L7FK65H" failures="0" tests="3" name="testCases.TestSenario_1" time="5.479" errors="0" timestamp="2025-07-17T23:32:31 IST" skipped="0">
  <testcase classname="testCases.TestSenario_1" name="verify_justdial_website_access" time="5.097"/>
  <testcase classname="testCases.TestSenario_1" name="verify_login_page_navigation" time="0.322"/>
  <testcase classname="testCases.TestSenario_1" name="verify_homepage_elements_visibility" time="0.060"/>
</testsuite> <!-- testCases.TestSenario_1 -->
