<?xml version="1.0" encoding="UTF-8"?>
<!-- Generated by org.testng.reporters.JUnitReportReporter -->
<testsuite hostname="LTIN515409" failures="0" tests="3" name="testCases.TestSenario_1" time="6.659" errors="0" timestamp="2025-07-11T12:45:34 IST" skipped="0">
  <testcase classname="testCases.TestSenario_1" name="TC1" time="5.867"/>
  <testcase classname="testCases.TestSenario_1" name="TC2" time="0.605"/>
  <testcase classname="testCases.TestSenario_1" name="TC3" time="0.187"/>
</testsuite> <!-- testCases.TestSenario_1 -->
