<?xml version="1.0" encoding="UTF-8"?>
<!-- Generated by org.testng.reporters.JUnitReportReporter -->
<testsuite hostname="LTIN515409" failures="0" tests="19" name="testCases.TestSenario_4" time="17.755" errors="0" timestamp="2025-07-18T14:33:35 IST" skipped="0">
  <testcase classname="testCases.TestSenario_4" name="test_gym_option_navigation_and_display" time="1.054"/>
  <testcase classname="testCases.TestSenario_4" name="test_sort_by_relevance" time="1.044"/>
  <testcase classname="testCases.TestSenario_4" name="test_sort_by_rating" time="0.167"/>
  <testcase classname="testCases.TestSenario_4" name="test_filter_by_sunday_open" time="1.344"/>
  <testcase classname="testCases.TestSenario_4" name="test_filter_by_locker_facility" time="1.259"/>
  <testcase classname="testCases.TestSenario_4" name="test_clear_filters_removes_amenities" time="0.181"/>
  <testcase classname="testCases.TestSenario_4" name="test_filter_by_open_now" time="1.120"/>
  <testcase classname="testCases.TestSenario_4" name="test_filter_by_top_rated" time="0.776"/>
  <testcase classname="testCases.TestSenario_4" name="test_filter_by_quick_response" time="0.901"/>
  <testcase classname="testCases.TestSenario_4" name="test_filter_by_jd_verified" time="1.456"/>
  <testcase classname="testCases.TestSenario_4" name="test_filter_by_ratings_3_5_plus" time="1.464"/>
  <testcase classname="testCases.TestSenario_4" name="test_filter_by_ratings_4_0_plus" time="0.833"/>
  <testcase classname="testCases.TestSenario_4" name="test_filter_by_ratings_4_5_plus" time="0.838"/>
  <testcase classname="testCases.TestSenario_4" name="test_clear_rating_filter_removes_applied" time="0.154"/>
  <testcase classname="testCases.TestSenario_4" name="test_filter_by_deals" time="1.232"/>
  <testcase classname="testCases.TestSenario_4" name="test_filter_by_jd_trust" time="1.129"/>
  <testcase classname="testCases.TestSenario_4" name="clearAllFilters" time="0.587"/>
  <testcase classname="testCases.TestSenario_4" name="test_no_filters_show_all_listings" time="1.828"/>
  <testcase classname="testCases.TestSenario_4" name="getGymSubMenuList" time="0.388"/>
</testsuite> <!-- testCases.TestSenario_4 -->
