<?xml version="1.0" encoding="UTF-8"?>
<!-- Generated by org.testng.reporters.JUnitReportReporter -->
<testsuite hostname="LTIN515409" failures="0" tests="19" name="testCases.TestSenario_4" time="20.417" errors="0" timestamp="2025-07-16T12:43:43 IST" skipped="0">
  <testcase classname="testCases.TestSenario_4" name="test_gym_option_navigation_and_display" time="1.458"/>
  <testcase classname="testCases.TestSenario_4" name="test_sort_by_relevance" time="1.176"/>
  <testcase classname="testCases.TestSenario_4" name="test_sort_by_rating" time="0.209"/>
  <testcase classname="testCases.TestSenario_4" name="test_filter_by_sunday_open" time="1.697"/>
  <testcase classname="testCases.TestSenario_4" name="test_filter_by_locker_facility" time="1.199"/>
  <testcase classname="testCases.TestSenario_4" name="test_clear_filters_removes_amenities" time="0.247"/>
  <testcase classname="testCases.TestSenario_4" name="test_filter_by_open_now" time="1.330"/>
  <testcase classname="testCases.TestSenario_4" name="test_filter_by_top_rated" time="0.684"/>
  <testcase classname="testCases.TestSenario_4" name="test_filter_by_quick_response" time="0.706"/>
  <testcase classname="testCases.TestSenario_4" name="test_filter_by_jd_verified" time="1.645"/>
  <testcase classname="testCases.TestSenario_4" name="test_filter_by_ratings_3_5_plus" time="1.721"/>
  <testcase classname="testCases.TestSenario_4" name="test_filter_by_ratings_4_0_plus" time="0.987"/>
  <testcase classname="testCases.TestSenario_4" name="test_filter_by_ratings_4_5_plus" time="1.208"/>
  <testcase classname="testCases.TestSenario_4" name="test_clear_rating_filter_removes_applied" time="0.197"/>
  <testcase classname="testCases.TestSenario_4" name="test_filter_by_deals" time="1.354"/>
  <testcase classname="testCases.TestSenario_4" name="test_filter_by_jd_trust" time="1.044"/>
  <testcase classname="testCases.TestSenario_4" name="clearAllFilters" time="0.605"/>
  <testcase classname="testCases.TestSenario_4" name="test_no_filters_show_all_listings" time="2.487"/>
  <testcase classname="testCases.TestSenario_4" name="getGymSubMenuList" time="0.463"/>
</testsuite> <!-- testCases.TestSenario_4 -->
