<?xml version="1.0" encoding="UTF-8"?>
<!-- Generated by org.testng.reporters.JUnitReportReporter -->
<testsuite hostname="LTIN515409" failures="0" tests="3" name="testCases.TestSenario_1" time="6.668" errors="0" timestamp="2025-07-10T18:05:58 IST" skipped="0">
  <testcase classname="testCases.TestSenario_1" name="TC1" time="6.341"/>
  <testcase classname="testCases.TestSenario_1" name="TC2" time="0.256"/>
  <testcase classname="testCases.TestSenario_1" name="TC3" time="0.071"/>
</testsuite> <!-- testCases.TestSenario_1 -->
