<?xml version="1.0" encoding="UTF-8"?>
<!-- Generated by org.testng.reporters.JUnitReportReporter -->
<testsuite hostname="LTIN515409" failures="0" tests="4" name="testCases.TestSenario_3" time="7.872" errors="0" timestamp="2025-07-17T10:50:09 IST" skipped="0">
  <testcase classname="testCases.TestSenario_3" name="freeListing_Button" time="1.173"/>
  <testcase classname="testCases.TestSenario_3" name="freeListing_Button_Click" time="2.445"/>
  <testcase classname="testCases.TestSenario_3" name="freeListing_Mobile_TextField_invalid" time="0.437"/>
  <testcase classname="testCases.TestSenario_3" name="freeListing_Mobile_TextField_valid" time="3.817"/>
</testsuite> <!-- testCases.TestSenario_3 -->
