<?xml version="1.0" encoding="UTF-8"?>
<!-- Generated by org.testng.reporters.JUnitReportReporter -->
<testsuite hostname="DESKTOP-L7FK65H" failures="0" tests="4" name="testCases.TestSenario_3" time="9.839" errors="0" timestamp="2025-07-11T12:14:02 IST" skipped="0">
  <testcase classname="testCases.TestSenario_3" name="freeListing_Button" time="5.965"/>
  <testcase classname="testCases.TestSenario_3" name="freeListing_Button_Click" time="1.893"/>
  <testcase classname="testCases.TestSenario_3" name="freeListing_Mobile_TextField_invalid" time="0.297"/>
  <testcase classname="testCases.TestSenario_3" name="freeListing_Mobile_TextField_valid" time="1.684"/>
</testsuite> <!-- testCases.TestSenario_3 -->
