<?xml version="1.0" encoding="UTF-8"?>
<!-- Generated by org.testng.reporters.JUnitReportReporter -->
<testsuite hostname="DESKTOP-L7FK65H" failures="0" tests="19" name="testCases.TestSenario_4" time="27.076" errors="1" timestamp="2025-07-16T14:46:27 IST" skipped="0">
  <testcase classname="testCases.TestSenario_4" name="test_gym_option_navigation_and_display" time="2.259"/>
  <testcase classname="testCases.TestSenario_4" name="test_sort_by_relevance" time="1.533"/>
  <testcase classname="testCases.TestSenario_4" name="test_sort_by_rating" time="0.429"/>
  <testcase classname="testCases.TestSenario_4" name="test_filter_by_sunday_open" time="2.401"/>
  <testcase classname="testCases.TestSenario_4" name="test_filter_by_locker_facility" time="1.443"/>
  <testcase classname="testCases.TestSenario_4" name="test_clear_filters_removes_amenities" time="0.386"/>
  <testcase classname="testCases.TestSenario_4" name="test_filter_by_open_now" time="1.230"/>
  <testcase classname="testCases.TestSenario_4" name="test_filter_by_top_rated" time="0.944"/>
  <testcase classname="testCases.TestSenario_4" name="test_filter_by_quick_response" time="0.988"/>
  <testcase classname="testCases.TestSenario_4" name="test_filter_by_jd_verified" time="1.816"/>
  <testcase classname="testCases.TestSenario_4" name="test_filter_by_ratings_3_5_plus" time="1.906"/>
  <testcase classname="testCases.TestSenario_4" name="test_filter_by_ratings_4_0_plus" time="1.548"/>
  <testcase classname="testCases.TestSenario_4" name="test_filter_by_ratings_4_5_plus" time="1.268"/>
  <testcase classname="testCases.TestSenario_4" name="test_clear_rating_filter_removes_applied" time="0.366"/>
  <testcase classname="testCases.TestSenario_4" name="test_filter_by_deals" time="1.542"/>
  <testcase classname="testCases.TestSenario_4" name="test_filter_by_jd_trust" time="1.729">
    <error message="element click intercepted: Element &lt;button aria-labelledby=&quot;submenuId_0.5735194654555289_button submenuId_0.5735194654555289_span&quot; id=&quot;submenuId_0.5735194654555289_button&quot; role=&quot;button&quot; tabindex=&quot;0&quot; class=&quot;jsx-2394d511e76092fb resfilter_item gray_whitefill_animat &quot;&gt;...&lt;/button&gt; is not clickable at point (1127, 300). Other element would receive the click: &lt;button class=&quot;jsx-679474515 resfilter_item gray_whitefill_animat font15 color111 fw500 all_filter_container&quot;&gt;...&lt;/button&gt;
  (Session info: MicrosoftEdge=138.0.3351.83)
Build info: version: &#039;4.15.0&#039;, revision: &#039;1d14b5521b&#039;
System info: os.name: &#039;Windows 11&#039;, os.arch: &#039;amd64&#039;, os.version: &#039;10.0&#039;, java.version: &#039;21.0.6&#039;
Driver info: org.openqa.selenium.edge.EdgeDriver
Command: [c8bc7f19f5b94c89c4380b38108ff376, clickElement {id=f.4A846084D2636CD74D2A00D4272F65F6.d.D0247B57A6DDB30BFD2AED86ADC147CE.e.1589}]
Capabilities {acceptInsecureCerts: false, browserName: MicrosoftEdge, browserVersion: 138.0.3351.83, fedcm:accounts: true, ms:edgeOptions: {debuggerAddress: localhost:61269}, msedge: {msedgedriverVersion: 138.0.3351.83 (16e2a7bef320..., userDataDir: C:\Users\2407473\AppData\Lo...}, networkConnectionEnabled: false, pageLoadStrategy: normal, platformName: windows, proxy: Proxy(), se:cdp: ws://localhost:61269/devtoo..., se:cdpVersion: 138.0.3351.83, setWindowRect: true, strictFileInteractability: false, timeouts: {implicit: 0, pageLoad: 300000, script: 30000}, unhandledPromptBehavior: dismiss and notify, webauthn:extension:credBlob: true, webauthn:extension:largeBlob: true, webauthn:extension:minPinLength: true, webauthn:extension:prf: true, webauthn:virtualAuthenticators: true}
Element: [[EdgeDriver: MicrosoftEdge on windows (c8bc7f19f5b94c89c4380b38108ff376)] -&gt; xpath: //button[.//span[text()=&#039;Jd Trust&#039;]]]
Session ID: c8bc7f19f5b94c89c4380b38108ff376" type="org.openqa.selenium.ElementClickInterceptedException">
      <![CDATA[org.openqa.selenium.ElementClickInterceptedException: element click intercepted: Element <button aria-labelledby="submenuId_0.5735194654555289_button submenuId_0.5735194654555289_span" id="submenuId_0.5735194654555289_button" role="button" tabindex="0" class="jsx-2394d511e76092fb resfilter_item gray_whitefill_animat ">...</button> is not clickable at point (1127, 300). Other element would receive the click: <button class="jsx-679474515 resfilter_item gray_whitefill_animat font15 color111 fw500 all_filter_container">...</button>
  (Session info: MicrosoftEdge=138.0.3351.83)
Build info: version: '4.15.0', revision: '1d14b5521b'
System info: os.name: 'Windows 11', os.arch: 'amd64', os.version: '10.0', java.version: '21.0.6'
Driver info: org.openqa.selenium.edge.EdgeDriver
Command: [c8bc7f19f5b94c89c4380b38108ff376, clickElement {id=f.4A846084D2636CD74D2A00D4272F65F6.d.D0247B57A6DDB30BFD2AED86ADC147CE.e.1589}]
Capabilities {acceptInsecureCerts: false, browserName: MicrosoftEdge, browserVersion: 138.0.3351.83, fedcm:accounts: true, ms:edgeOptions: {debuggerAddress: localhost:61269}, msedge: {msedgedriverVersion: 138.0.3351.83 (16e2a7bef320..., userDataDir: C:\Users\2407473\AppData\Lo...}, networkConnectionEnabled: false, pageLoadStrategy: normal, platformName: windows, proxy: Proxy(), se:cdp: ws://localhost:61269/devtoo..., se:cdpVersion: 138.0.3351.83, setWindowRect: true, strictFileInteractability: false, timeouts: {implicit: 0, pageLoad: 300000, script: 30000}, unhandledPromptBehavior: dismiss and notify, webauthn:extension:credBlob: true, webauthn:extension:largeBlob: true, webauthn:extension:minPinLength: true, webauthn:extension:prf: true, webauthn:virtualAuthenticators: true}
Element: [[EdgeDriver: MicrosoftEdge on windows (c8bc7f19f5b94c89c4380b38108ff376)] -> xpath: //button[.//span[text()='Jd Trust']]]
Session ID: c8bc7f19f5b94c89c4380b38108ff376
at java.base/jdk.internal.reflect.DirectConstructorHandleAccessor.newInstance(DirectConstructorHandleAccessor.java:62)
at java.base/java.lang.reflect.Constructor.newInstanceWithCaller(Constructor.java:502)
at java.base/java.lang.reflect.Constructor.newInstance(Constructor.java:486)
at org.openqa.selenium.remote.codec.w3c.W3CHttpResponseCodec.createException(W3CHttpResponseCodec.java:200)
at org.openqa.selenium.remote.codec.w3c.W3CHttpResponseCodec.decode(W3CHttpResponseCodec.java:133)
at org.openqa.selenium.remote.codec.w3c.W3CHttpResponseCodec.decode(W3CHttpResponseCodec.java:52)
at org.openqa.selenium.remote.HttpCommandExecutor.execute(HttpCommandExecutor.java:191)
at org.openqa.selenium.remote.service.DriverCommandExecutor.invokeExecute(DriverCommandExecutor.java:200)
at org.openqa.selenium.remote.service.DriverCommandExecutor.execute(DriverCommandExecutor.java:175)
at org.openqa.selenium.remote.RemoteWebDriver.execute(RemoteWebDriver.java:607)
at org.openqa.selenium.remote.RemoteWebElement.execute(RemoteWebElement.java:224)
at org.openqa.selenium.remote.RemoteWebElement.click(RemoteWebElement.java:77)
at java.base/jdk.internal.reflect.DirectMethodHandleAccessor.invoke(DirectMethodHandleAccessor.java:103)
at java.base/java.lang.reflect.Method.invoke(Method.java:580)
at org.openqa.selenium.support.pagefactory.internal.LocatingElementHandler.invoke(LocatingElementHandler.java:51)
at jdk.proxy2/jdk.proxy2.$Proxy13.click(Unknown Source)
at testCases.TestSenario_4.test_filter_by_jd_trust(TestSenario_4.java:231)
at java.base/jdk.internal.reflect.DirectMethodHandleAccessor.invoke(DirectMethodHandleAccessor.java:103)
at java.base/java.lang.reflect.Method.invoke(Method.java:580)
at org.testng.internal.invokers.MethodInvocationHelper.invokeMethod(MethodInvocationHelper.java:141)
at org.testng.internal.invokers.TestInvoker.invokeMethod(TestInvoker.java:687)
at org.testng.internal.invokers.TestInvoker.invokeTestMethod(TestInvoker.java:230)
at org.testng.internal.invokers.MethodRunner.runInSequence(MethodRunner.java:63)
at org.testng.internal.invokers.TestInvoker$MethodInvocationAgent.invoke(TestInvoker.java:995)
at org.testng.internal.invokers.TestInvoker.invokeTestMethods(TestInvoker.java:203)
at org.testng.internal.invokers.TestMethodWorker.invokeTestMethods(TestMethodWorker.java:154)
at org.testng.internal.invokers.TestMethodWorker.run(TestMethodWorker.java:134)
at java.base/java.util.ArrayList.forEach(ArrayList.java:1596)
at org.testng.TestRunner.privateRun(TestRunner.java:741)
at org.testng.TestRunner.run(TestRunner.java:616)
at org.testng.SuiteRunner.runTest(SuiteRunner.java:421)
at org.testng.SuiteRunner.runSequentially(SuiteRunner.java:413)
at org.testng.SuiteRunner.privateRun(SuiteRunner.java:373)
at org.testng.SuiteRunner.run(SuiteRunner.java:312)
at org.testng.SuiteRunnerWorker.runSuite(SuiteRunnerWorker.java:52)
at org.testng.SuiteRunnerWorker.run(SuiteRunnerWorker.java:95)
at org.testng.TestNG.runSuitesSequentially(TestNG.java:1274)
at org.testng.TestNG.runSuitesLocally(TestNG.java:1208)
at org.testng.TestNG.runSuites(TestNG.java:1112)
at org.testng.TestNG.run(TestNG.java:1079)
at org.testng.remote.AbstractRemoteTestNG.run(AbstractRemoteTestNG.java:115)
at org.testng.remote.RemoteTestNG.initAndRun(RemoteTestNG.java:293)
at org.testng.remote.RemoteTestNG.main(RemoteTestNG.java:91)
]]>
    </error>
  </testcase> <!-- test_filter_by_jd_trust -->
  <testcase classname="testCases.TestSenario_4" name="clearAllFilters" time="1.069"/>
  <testcase classname="testCases.TestSenario_4" name="test_no_filters_show_all_listings" time="3.431"/>
  <testcase classname="testCases.TestSenario_4" name="getGymSubMenuList" time="0.788"/>
</testsuite> <!-- testCases.TestSenario_4 -->
