<?xml version="1.0" encoding="UTF-8"?>
<!-- Generated by org.testng.reporters.JUnitReportReporter -->
<testsuite hostname="LTIN515409" failures="0" tests="4" name="testCases.TestSenario_3" time="13.513" errors="0" timestamp="2025-07-15T15:35:25 IST" skipped="0">
  <testcase classname="testCases.TestSenario_3" name="freeListing_Button" time="5.930"/>
  <testcase classname="testCases.TestSenario_3" name="freeListing_Button_Click" time="3.534"/>
  <testcase classname="testCases.TestSenario_3" name="freeListing_Mobile_TextField_invalid" time="0.409"/>
  <testcase classname="testCases.TestSenario_3" name="freeListing_Mobile_TextField_valid" time="3.640"/>
</testsuite> <!-- testCases.TestSenario_3 -->
