<?xml version="1.0" encoding="UTF-8"?>
<!-- Generated by org.testng.reporters.JUnitReportReporter -->
<<<<<<< HEAD
<testsuite hostname="LTIN515409" failures="0" tests="3" name="testCases.TestSenario_1" time="6.659" errors="0" timestamp="2025-07-11T12:45:34 IST" skipped="0">
  <testcase classname="testCases.TestSenario_1" name="TC1" time="5.867"/>
  <testcase classname="testCases.TestSenario_1" name="TC2" time="0.605"/>
  <testcase classname="testCases.TestSenario_1" name="TC3" time="0.187"/>
=======
<testsuite hostname="LTIN515409" failures="0" tests="3" name="testCases.TestSenario_1" time="6.608" errors="0" timestamp="2025-07-16T12:43:43 IST" skipped="0">
  <testcase classname="testCases.TestSenario_1" name="verify_justdial_website_access" time="6.206"/>
  <testcase classname="testCases.TestSenario_1" name="verify_login_page_navigation" time="0.317"/>
  <testcase classname="testCases.TestSenario_1" name="verify_homepage_elements_visibility" time="0.085"/>
>>>>>>> main
</testsuite> <!-- testCases.TestSenario_1 -->
