<?xml version="1.0" encoding="UTF-8"?>
<!-- Generated by org.testng.reporters.JUnitReportReporter -->
<testsuite hostname="DESKTOP-L7FK65H" failures="0" tests="3" name="testCases.TestSenario_1" time="7.452" errors="0" timestamp="2025-07-16T14:46:26 IST" skipped="0">
  <testcase classname="testCases.TestSenario_1" name="verify_justdial_website_access" time="6.159"/>
  <testcase classname="testCases.TestSenario_1" name="verify_login_page_navigation" time="1.153"/>
  <testcase classname="testCases.TestSenario_1" name="verify_homepage_elements_visibility" time="0.140"/>
</testsuite> <!-- testCases.TestSenario_1 -->
