<?xml version="1.0" encoding="UTF-8"?>
<!-- Generated by org.testng.reporters.JUnitReportReporter -->
<testsuite hostname="LTIN515409" failures="0" tests="3" name="testCases.TestSenario_1" time="4.487" errors="0" timestamp="2025-07-19T12:47:37 IST" skipped="0">
  <testcase classname="testCases.TestSenario_1" name="verify_justdial_website_access" time="4.031"/>
  <testcase classname="testCases.TestSenario_1" name="verify_login_page_navigation" time="0.349"/>
  <testcase classname="testCases.TestSenario_1" name="verify_homepage_elements_visibility" time="0.107"/>
</testsuite> <!-- testCases.TestSenario_1 -->
