<?xml version="1.0" encoding="UTF-8"?>
<!-- Generated by org.testng.reporters.JUnitReportReporter -->
<testsuite hostname="LTIN515409" failures="0" tests="3" name="testCases.TestSenario_1" time="6.891" errors="0" timestamp="2025-07-15T14:53:38 IST" skipped="0">
  <testcase classname="testCases.TestSenario_1" name="verify_justdial_website_access" time="5.792"/>
  <testcase classname="testCases.TestSenario_1" name="verify_login_page_navigation" time="0.901"/>
  <testcase classname="testCases.TestSenario_1" name="verify_homepage_elements_visibility" time="0.198"/>
</testsuite> <!-- testCases.TestSenario_1 -->
