<?xml version="1.0" encoding="UTF-8"?>
<!-- Generated by org.testng.reporters.JUnitReportReporter -->
<testsuite hostname="DESKTOP-L7FK65H" failures="0" tests="4" name="testCases.TestSenario_3" time="13.678" errors="0" timestamp="2025-07-11T11:55:19 IST" skipped="0">
  <testcase classname="testCases.TestSenario_3" name="freeListing_Button" time="6.436"/>
  <system-out/>
  <testcase classname="testCases.TestSenario_3" name="freeListing_Button_Click" time="3.174"/>
  <system-out/>
  <testcase classname="testCases.TestSenario_3" name="freeListing_Mobile_TextField_invalid" time="1.044"/>
  <system-out/>
  <testcase classname="testCases.TestSenario_3" name="freeListing_Mobile_TextField_valid" time="3.024"/>
  <system-out/>
</testsuite> <!-- testCases.TestSenario_3 -->
